\BOOKMARK [-1][-]{part.1}{\376\377\000I\000\040\000C\000o\000n\000t\000e\000x\000t\000e\000\040\000e\000t\000\040\000i\000n\000t\000r\000o\000d\000u\000c\000t\000i\000o\000n}{}% 1
\BOOKMARK [0][-]{chapter.1}{\376\377\000N\000o\000t\000i\000o\000n\000\040\000P\000r\000\351\000l\000i\000m\000i\000n\000a\000i\000r\000e\000s\000\040\000d\000e\000\040\000l\000a\000\040\000c\000r\000y\000p\000t\000o\000g\000r\000a\000p\000h\000i\000e}{part.1}% 2
\BOOKMARK [1][-]{section.1.1}{\376\377\000I\000n\000t\000r\000o\000d\000u\000c\000t\000i\000o\000n}{chapter.1}% 3
\BOOKMARK [1][-]{section.1.2}{\376\377\000S\000\351\000c\000u\000r\000i\000t\000\351\000\040\000i\000n\000c\000o\000n\000d\000i\000t\000i\000o\000n\000e\000l\000l\000e}{chapter.1}% 4
\BOOKMARK [2][-]{subsection.1.2.1}{\376\377\000N\000o\000t\000i\000o\000n\000\040\000d\000e\000\040\000s\000\351\000c\000u\000r\000i\000t\000\351\000\040\000p\000a\000r\000f\000a\000i\000t\000e}{section.1.2}% 5
\BOOKMARK [2][-]{subsection.1.2.2}{\376\377\000p\000r\000i\000n\000c\000i\000p\000e\000\040\000d\000e\000\040\000K\000e\000r\000c\000k\000h\000o\000f\000f}{section.1.2}% 6
\BOOKMARK [2][-]{subsection.1.2.3}{\376\377\000P\000r\000i\000n\000c\000i\000p\000e\000\040\000d\000e\000\040\000S\000h\000a\000n\000n\000o\000n}{section.1.2}% 7
\BOOKMARK [2][-]{subsection.1.2.4}{\376\377\000T\000h\000\351\000o\000r\000\351\000m\000e\000\040\000d\000u\000\040\000s\000e\000c\000r\000e\000t\000\040\000p\000a\000r\000f\000a\000i\000t\000\040}{section.1.2}% 8
\BOOKMARK [1][-]{section.1.3}{\376\377\000d\000\351\000f\000i\000n\000i\000t\000i\000o\000n\000\040\000d\000e\000\040\000s\000\351\000c\000u\000r\000i\000t\000\351\000\040\000p\000o\000u\000r\000\040\000l\000a\000\040\000c\000r\000y\000p\000t\000o\000g\000r\000a\000p\000h\000i\000e\000\040\000\340\000\040\000c\000l\000\351\000\040\000p\000r\000i\000v\000\351\000e}{chapter.1}% 9
\BOOKMARK [2][-]{subsection.1.3.1}{\376\377\000s\000\351\000c\000u\000r\000i\000t\000\351\000\040\000E\000A\000V\000\040}{section.1.3}% 10
\BOOKMARK [2][-]{subsection.1.3.2}{\376\377\000A\000t\000t\000a\000q\000u\000e\000\040\000p\000a\000r\000\040\000t\000e\000x\000t\000e\000\040\000c\000l\000a\000i\000r\000\040\000c\000h\000o\000i\000s\000i\000\040\000\050\000C\000h\000o\000o\000s\000e\000n\000\040\000p\000l\000a\000i\000n\000t\000e\000x\000t\000\040\000A\000t\000t\000a\000c\000k\000\040\000C\000P\000A\000\051}{section.1.3}% 11
\BOOKMARK [2][-]{subsection.1.3.3}{\376\377\000A\000t\000t\000a\000q\000u\000e\000\040\000\340\000\040\000c\000h\000i\000f\000f\000r\000\351\000\040\000c\000h\000o\000i\000s\000i\000\040\000\050\000C\000h\000o\000o\000s\000e\000n\000\040\000C\000i\000p\000h\000e\000r\000\040\000t\000e\000x\000t\000\040\000A\000t\000t\000a\000c\000k\000\051\000\050\000C\000C\000A\000\051}{section.1.3}% 12
\BOOKMARK [1][-]{section.1.4}{\376\377\000C\000r\000y\000p\000t\000o\000g\000r\000a\000p\000h\000i\000e\000\040\000\340\000\040\000c\000l\000\351\000\040\000p\000u\000b\000l\000i\000q\000u\000e\000\040}{chapter.1}% 13
\BOOKMARK [2][-]{subsection.1.4.1}{\376\377\000F\000o\000n\000c\000t\000i\000o\000n\000\040\000\340\000\040\000s\000e\000n\000s\000\040\000u\000n\000i\000q\000u\000e\000\040}{section.1.4}% 14
\BOOKMARK [2][-]{subsection.1.4.2}{\376\377\000F\000o\000n\000c\000t\000i\000o\000n\000\040\000d\000e\000\040\000h\000a\000s\000h\000a\000g\000e\000\040}{section.1.4}% 15
\BOOKMARK [2][-]{subsection.1.4.3}{\376\377\000M\000o\000d\000\351\000l\000i\000s\000a\000t\000i\000o\000n\000\040\000d\000u\000\040\000c\000h\000i\000f\000f\000r\000e\000m\000e\000n\000t\000\040\000\340\000\040\000c\000l\000\351\000s\000\040\000p\000u\000b\000l\000i\000q\000u\000e}{section.1.4}% 16
\BOOKMARK [0][-]{chapter.2}{\376\377\000L\000e\000\040\000c\000h\000i\000f\000f\000r\000e\000m\000e\000n\000t\000\040\000h\000o\000m\000o\000m\000o\000r\000p\000h\000e}{part.1}% 17
\BOOKMARK [1][-]{section.2.1}{\376\377\000I\000n\000t\000r\000o\000d\000u\000c\000t\000i\000o\000n}{chapter.2}% 18
\BOOKMARK [1][-]{section.2.2}{\376\377\000\040\000C\000o\000n\000c\000e\000p\000t\000\040\000d\000u\000\040\000c\000h\000i\000f\000f\000r\000e\000m\000e\000n\000t\000\040\000h\000o\000m\000o\000m\000o\000r\000p\000h\000e}{chapter.2}% 19
\BOOKMARK [2][-]{subsection.2.2.1}{\376\377\000M\000o\000d\000\351\000l\000i\000s\000a\000t\000i\000o\000n\000\040\000d\000u\000\040\000c\000h\000i\000f\000f\000r\000e\000m\000e\000n\000t\000\040\000h\000o\000m\000o\000m\000o\000r\000p\000h\000e}{section.2.2}% 20
\BOOKMARK [1][-]{section.2.3}{\376\377\000S\000\351\000c\000u\000r\000i\000t\000\351\000\040\000d\000e\000s\000\040\000c\000r\000y\000p\000t\000o\000s\000y\000t\000\351\000m\000e\000s\000\040\000h\000o\000m\000o\000m\000o\000r\000p\000h\000e}{chapter.2}% 21
\BOOKMARK [2][-]{subsection.2.3.1}{\376\377\000L\000a\000\040\000M\000a\000l\000l\000\351\000a\000b\000i\000l\000i\000t\000\351}{section.2.3}% 22
\BOOKMARK [0][-]{chapter.3}{\376\377\000N\000o\000t\000i\000o\000n\000\040\000P\000r\000\351\000l\000i\000m\000i\000n\000a\000i\000r\000e\000s\000\040\000d\000e\000\040\000m\000a\000c\000h\000i\000n\000e\000\040\000l\000e\000a\000r\000n\000i\000n\000g}{part.1}% 23
\BOOKMARK [1][-]{section.3.1}{\376\377\000I\000n\000t\000r\000o\000d\000u\000c\000t\000i\000o\000n}{chapter.3}% 24
\BOOKMARK [1][-]{section.3.2}{\376\377\000C\000l\000a\000s\000s\000i\000f\000i\000c\000a\000t\000i\000o\000n\000\040\000b\000i\000n\000a\000i\000r\000e}{chapter.3}% 25
\BOOKMARK [1][-]{section.3.3}{\376\377\000C\000l\000a\000s\000s\000i\000f\000i\000c\000a\000t\000i\000o\000n\000\040\000n\000a\000\357\000v\000e\000\040\000b\000a\000y\000\351\000s\000i\000e\000n\000n\000e}{chapter.3}% 26
\BOOKMARK [1][-]{section.3.4}{\376\377\000R\000e\000g\000r\000e\000s\000s\000i\000o\000n\000\040\000l\000i\000n\000\351\000a\000i\000r\000e}{chapter.3}% 27
\BOOKMARK [1][-]{section.3.5}{\376\377\000A\000n\000n\000a\000l\000y\000s\000e\000\040\000d\000e\000s\000\040\000c\000o\000m\000p\000o\000s\000a\000n\000t\000e\000s\000\040\000p\000r\000i\000n\000c\000i\000p\000a\000l\000e\000s\000\040\000\050\000A\000C\000P\000\051}{chapter.3}% 28
\BOOKMARK [2][-]{subsection.3.5.1}{\376\377\000t\000h\000\351\000o\000r\000\351\000m\000e\000\040\000\050\000E\000c\000k\000a\000r\000t\000\040\000\040\000Y\000o\000u\000n\000g\000,\0001\0009\0003\0006\000\051}{section.3.5}% 29
\BOOKMARK [-1][-]{part.2}{\376\377\000I\000I\000\040\000S\000y\000s\000t\000\350\000m\000e\000\240\000d\000e\000\040\000c\000h\000i\000f\000f\000r\000e\000m\000e\000n\000t\000\040\000h\000o\000m\000o\000m\000o\000r\000p\000h\000e}{}% 30
\BOOKMARK [0][-]{chapter.4}{\376\377\000E\000t\000u\000d\000e\000\040\000d\000e\000s\000\040\000c\000r\000y\000p\000t\000o\000s\000y\000s\000t\000e\000m\000e\000s\000\040\000h\000o\000m\000o\000m\000o\000r\000p\000h\000e\000s\000\040}{part.2}% 31
\BOOKMARK [1][-]{section.4.1}{\376\377\000c\000r\000y\000p\000t\000o\000s\000y\000s\000t\000\351\000m\000e\000\040\000s\000i\000m\000p\000l\000e\000m\000e\000n\000t\000\040\000h\000o\000m\000o\000m\000o\000r\000p\000h\000e\000\040\000d\000e\000\040\000R\000S\000A\000\040}{chapter.4}% 32
\BOOKMARK [1][-]{section.4.2}{\376\377\000C\000r\000y\000p\000t\000o\000s\000y\000s\000t\000\350\000m\000e\000\040\000d\000e\000\040\000P\000a\000i\000l\000l\000i\000e\000r}{chapter.4}% 33
\BOOKMARK [2][-]{subsection.4.2.1}{\376\377\000L\000e\000\040\000s\000y\000s\000t\000\350\000m\000e\000\040\000d\000e\000\040\000c\000h\000i\000f\000f\000r\000e\000m\000e\000n\000t\000\040}{section.4.2}% 34
\BOOKMARK [2][-]{subsection.4.2.2}{\376\377\000R\000\351\000d\000u\000c\000t\000i\000o\000n\000\040\000e\000n\000\040\000R\000S\000A}{section.4.2}% 35
\BOOKMARK [2][-]{subsection.4.2.3}{\376\377\000P\000r\000e\000u\000v\000e\000\040\000d\000e\000\040\000s\000\351\000c\000u\000r\000i\000t\000\351}{section.4.2}% 36
